Arguments: 
  /usr/local/bin/node /usr/local/Cellar/yarn/1.10.1/libexec/bin/yarn.js

PATH: 
  /usr/local/bin:/usr/bin:/bin:/usr/sbin:/sbin:/Library/Frameworks/Mono.framework/Versions/Current/Commands

Yarn version: 
  1.10.1

Node version: 
  10.16.0

Platform: 
  darwin x64

Trace: 
  Error: https://registry.yarnpkg.com/@cvte%2feasi-adaptor: Not found
      at Request.params.callback [as _callback] (/usr/local/Cellar/yarn/1.10.1/libexec/lib/cli.js:61073:18)
      at Request.self.callback (/usr/local/Cellar/yarn/1.10.1/libexec/lib/cli.js:120166:22)
      at Request.emit (events.js:198:13)
      at Request.<anonymous> (/usr/local/Cellar/yarn/1.10.1/libexec/lib/cli.js:121138:10)
      at Request.emit (events.js:198:13)
      at IncomingMessage.<anonymous> (/usr/local/Cellar/yarn/1.10.1/libexec/lib/cli.js:121060:12)
      at Object.onceWrapper (events.js:286:20)
      at IncomingMessage.emit (events.js:203:15)
      at endReadableNT (_stream_readable.js:1129:12)
      at process._tickCallback (internal/process/next_tick.js:63:19)

npm manifest: 
  {
    "name": "yarn",
    "version": "1.0.0",
    "description": "explore how loadable works and explain it in typescript",
    "main": "index.js",
    "scripts": {
      "test": "echo \"Error: no test specified\" && exit 1"
    },
    "repository": {
      "type": "git",
      "url": "git+https://github.com/lemondreamtobe/slim-react-loadable.git"
    },
    "author": "",
    "license": "ISC",
    "bugs": {
      "url": "https://github.com/lemondreamtobe/slim-react-loadable/issues"
    },
    "homepage": "https://github.com/lemondreamtobe/slim-react-loadable#readme",
    "dependencies": {
      "@types/node": "^12.12.12",
      "@babel/core": "^7.4.4",
      "@babel/plugin-proposal-class-properties": "^7.4.4",
      "@babel/plugin-proposal-decorators": "^7.4.4",
      "@babel/plugin-proposal-object-rest-spread": "^7.4.4",
      "@babel/plugin-transform-modules-commonjs": "^7.4.4",
      "@babel/plugin-transform-react-jsx": "^7.3.0",
      "@babel/polyfill": "^7.4.4",
      "@babel/preset-env": "^7.4.4",
      "@babel/preset-flow": "^7.0.0",
      "@babel/preset-stage-0": "^7.0.0",
      "@cvte/easi-adaptor": "^2.0.11",
      "@cvte/egg-sw-logger": "^1.0.2",
      "@types/react": "^16.8.23",
      "@types/react-dom": "^16.8.4",
      "@types/react-redux": "6.0.9",
      "@types/react-router": "4.0.32",
      "@types/react-router-redux": "5.0.16",
      "autoprefixer": "^7.1.6",
      "babel-eslint": "^10.0.1",
      "babel-loader": "^8.0.6",
      "babel-plugin-import": "^1.11.0",
      "chalk": "^2.4.2",
      "circular-dependency-plugin": "4.2.1",
      "copy-webpack-plugin": "^4.2.0",
      "cross-env": "5.2.0",
      "cross-spawn": "^6.0.5",
      "css-loader": "0.28.4",
      "download-git-repo": "^3.0.2",
      "egg": "^2.14.1",
      "egg-bin": "^4.9.0",
      "egg-proxy": "^1.1.0",
      "egg-scripts": "^2.10.0",
      "egg-view-ejs": "^2.0.0",
      "enzyme": "3.1.1",
      "enzyme-adapter-react-16": "1.1.0",
      "eslint": "3.19.0",
      "eslint-config-airbnb": "15.0.1",
      "eslint-config-airbnb-base": "11.2.0",
      "eslint-config-egg": "^7.5.1",
      "eslint-import-resolver-webpack": "0.8.3",
      "eslint-loader": "^1.9.0",
      "eslint-plugin-import": "2.7.0",
      "eslint-plugin-jsx-a11y": "5.0.3",
      "eslint-plugin-react": "7.0.1",
      "eventsource-polyfill": "0.9.6",
      "exports-loader": "0.6.4",
      "express": "^4.17.1",
      "file-loader": "1.1.11",
      "fs-extra": "^8.1.0",
      "history": "4.7.2",
      "http-proxy-middleware": "0.17.4",
      "immutable": "3.8.2",
      "jest-cli": "22.1.4",
      "less": "2.7.2",
      "less-loader": "4.1.0",
      "lodash": "^4.17.11",
      "minimist": "1.2.0",
      "npm-run-all": "^4.1.5",
      "null-loader": "0.1.1",
      "offline-plugin": "5.0.5",
      "ora": "^4.0.2",
      "plop": "1.8.0",
      "postcss-loader": "^2.0.8",
      "postcss-px2rem": "^0.3.0",
      "prettier": "1.7.4",
      "promise-polyfill": "^6.1.0",
      "prop-types": "15.6.0",
      "react": "^16.8.6",
      "react-dom": "^16.8.6",
      "react-loadable": "^5.3.1",
      "react-redux": "5.0.6",
      "react-router-dom": "4.2.2",
      "react-router-redux": "5.0.0-alpha.6",
      "react-test-renderer": "16.0.0",
      "redux": "3.7.2",
      "redux-immutable": "4.0.0",
      "redux-thunk": "2.2.0",
      "shelljs": "0.7.7",
      "style-loader": "0.18.1",
      "styled-components": "2.2.1",
      "svg-sprite-loader": "^3.8.0",
      "ts-loader": "^5.2.2",
      "tslint": "^5.12.1",
      "tslint-config-prettier": "^1.17.0",
      "tslint-react": "^3.6.0",
      "typescript": "^3.1.3",
      "uglifyjs-webpack-plugin": "1.3.0",
      "url-loader": "1.0.1",
      "vconsole": "^3.2.0",
      "webpack": "4.16.0",
      "webpack-bundle-analyzer": "^3.3.2",
      "webpack-cli": "^3.0.8",
      "webpack-dev-middleware": "3.1.3",
      "webpack-dev-server": "^3.5.1",
      "webpack-hot-middleware": "^2.25.0",
      "webpack-merge": "^4.2.2",
      "worker-loader": "^2.0.0"
    },
    "devDependencies": {
      "husky": "^3.0.5"
    }
  }

yarn manifest: 
  No manifest

Lockfile: 
  # THIS IS AN AUTOGENERATED FILE. DO NOT EDIT THIS FILE DIRECTLY.
  # yarn lockfile v1
  
  
  "js-tokens@^3.0.0 || ^4.0.0":
    version "4.0.0"
    resolved "https://registry.yarnpkg.com/js-tokens/-/js-tokens-4.0.0.tgz#19203fb59991df98e3a287050d4647cdeaf32499"
    integrity sha512-RdJUflcE3cUzKiMqQgsCu06FPu9UdIJO0beYbPhHN4k6apgJtifcoCtT9bcxOpYBtpD2kCM6Sbzg4CausW/PKQ==
  
  loose-envify@^1.1.0, loose-envify@^1.4.0:
    version "1.4.0"
    resolved "https://registry.yarnpkg.com/loose-envify/-/loose-envify-1.4.0.tgz#71ee51fa7be4caec1a63839f7e682d8132d30caf"
    integrity sha512-lyuxPGr/Wfhrlem2CL/UcnUc1zcqKAImBDzukY7Y5F/yQiNdko6+fRLevlw1HgMySw7f611UIY408EtxRSoK3Q==
    dependencies:
      js-tokens "^3.0.0 || ^4.0.0"
  
  object-assign@^4.1.1:
    version "4.1.1"
    resolved "https://registry.yarnpkg.com/object-assign/-/object-assign-4.1.1.tgz#2109adc7965887cfc05cbbd442cac8bfbb360863"
    integrity sha1-IQmtx5ZYh8/AXLvUQsrIv7s2CGM=
  
  prop-types@^15.6.2:
    version "15.7.2"
    resolved "https://registry.yarnpkg.com/prop-types/-/prop-types-15.7.2.tgz#52c41e75b8c87e72b9d9360e0206b99dcbffa6c5"
    integrity sha512-8QQikdH7//R2vurIJSutZ1smHYTcLpRWEOlHnzcWHmBYrOGUysKwSsrC89BCiFj3CbrfJ/nXFdJepOVrY1GCHQ==
    dependencies:
      loose-envify "^1.4.0"
      object-assign "^4.1.1"
      react-is "^16.8.1"
  
  react-is@^16.8.1:
    version "16.12.0"
    resolved "https://registry.yarnpkg.com/react-is/-/react-is-16.12.0.tgz#2cc0fe0fba742d97fd527c42a13bec4eeb06241c"
    integrity sha512-rPCkf/mWBtKc97aLL9/txD8DZdemK0vkA3JMLShjlJB3Pj3s+lpf1KaBzMfQrAmhMQB0n1cU/SUGgKKBCe837Q==
  
  react@^16.12.0:
    version "16.12.0"
    resolved "https://registry.yarnpkg.com/react/-/react-16.12.0.tgz#0c0a9c6a142429e3614834d5a778e18aa78a0b83"
    integrity sha512-fglqy3k5E+81pA8s+7K0/T3DBCF0ZDOher1elBFzF7O6arXJgzyu/FW+COxFvAWXJoJN9KIZbT2LXlukwphYTA==
    dependencies:
      loose-envify "^1.1.0"
      object-assign "^4.1.1"
      prop-types "^15.6.2"
